[debug] [2026-04-04T08:51:26.057Z] ----------------------------------------------------------------------
[debug] [2026-04-04T08:51:26.060Z] Command:       C:\Program Files\nodejs\node.exe C:\Users\Ayush\AppData\Roaming\npm\node_modules\firebase-tools\lib\bin\firebase.js init hosting
[debug] [2026-04-04T08:51:26.061Z] CLI Version:   15.13.0
[debug] [2026-04-04T08:51:26.061Z] Platform:      win32
[debug] [2026-04-04T08:51:26.061Z] Node Version:  v22.18.0
[debug] [2026-04-04T08:51:26.061Z] Time:          Sat Apr 04 2026 14:21:26 GMT+0530 (India Standard Time)
[debug] [2026-04-04T08:51:26.061Z] ----------------------------------------------------------------------
[debug] 
[info] 
     ######## #### ########  ######## ########     ###     ######  ########
     ##        ##  ##     ## ##       ##     ##  ##   ##  ##       ##
     ######    ##  ########  ######   ########  #########  ######  ######
     ##        ##  ##    ##  ##       ##     ## ##     ##       ## ##
     ##       #### ##     ## ######## ########  ##     ##  ######  ########

You're about to initialize a Firebase project in this directory:

  C:\Users\Ayush\bytebunnyv1.0.1\bytebunny

[info] 
=== Project Setup
[info] 
[info] First, let's associate this project directory with a Firebase project.
[info] You can create multiple project aliases by running firebase use --add, 
[info] 
[debug] [2026-04-04T08:51:35.181Z] > command requires scopes: ["email","openid","https://www.googleapis.com/auth/cloudplatformprojects.readonly","https://www.googleapis.com/auth/firebase","https://www.googleapis.com/auth/cloud-platform"]
[debug] [2026-04-04T08:51:35.182Z] > authorizing via signed-in user (donuts.program1010@gmail.com)
[debug] [2026-04-04T08:51:35.183Z] Checked if tokens are valid: true, expires at: 1775296245101
[debug] [2026-04-04T08:51:35.183Z] Checked if tokens are valid: true, expires at: 1775296245101
[debug] [2026-04-04T08:51:35.185Z] >>> [apiv2][query] GET https://firebase.googleapis.com/v1beta1/projects pageSize=100
[debug] [2026-04-04T08:51:35.947Z] <<< [apiv2][status] GET https://firebase.googleapis.com/v1beta1/projects 200
[debug] [2026-04-04T08:51:35.948Z] <<< [apiv2][body] GET https://firebase.googleapis.com/v1beta1/projects [omitted]
[info] 
=== Hosting Setup
[debug] [2026-04-04T08:51:53.100Z] Checked if tokens are valid: true, expires at: 1775296245101
[debug] [2026-04-04T08:51:53.100Z] Checked if tokens are valid: true, expires at: 1775296245101
[debug] [2026-04-04T08:51:53.101Z] >>> [apiv2][query] GET https://firebase.googleapis.com/v1beta1/projects/byte-bunny [none]
[debug] [2026-04-04T08:51:53.548Z] <<< [apiv2][status] GET https://firebase.googleapis.com/v1beta1/projects/byte-bunny 200
[debug] [2026-04-04T08:51:53.549Z] <<< [apiv2][body] GET https://firebase.googleapis.com/v1beta1/projects/byte-bunny {"projectId":"byte-bunny","projectNumber":"119764366128","displayName":"ByteBunny","name":"projects/byte-bunny","resources":{"hostingSite":"byte-bunny"},"state":"ACTIVE","etag":"1_453e31af-fbba-4163-9bf9-63ea5c301749"}
[info] 
[info] Your public directory is the folder (relative to your project directory) that
[info] will contain Hosting assets to be uploaded with firebase deploy. If you
[info] have a build process for your assets, use your build's output directory.
[info] 
[info] 
[info] i  Didn't detect a .git folder. Assuming C:\Users\Ayush\bytebunnyv1.0.1\bytebunny is the project root. 
[info] i  Authorizing with GitHub to upload your service account to a GitHub repository's secrets store. 
[info] 
[info] Visit this URL on this device to log in:
[info] https://github.com/login/oauth/authorize?client_id=89cf50f02ac6aaed3484&state=790232726&redirect_uri=http%3A%2F%2Flocalhost%3A9005&scope=read%3Auser%20repo%20public_repo
[info] 
[info] Waiting for authentication...
[debug] [2026-04-04T08:52:26.110Z] >>> [apiv2][query] POST https://github.com/login/oauth/access_token [none]
[debug] [2026-04-04T08:52:26.111Z] >>> [apiv2][body] POST https://github.com/login/oauth/access_token [stream]
[debug] [2026-04-04T08:52:26.528Z] <<< [apiv2][status] POST https://github.com/login/oauth/access_token 200
[debug] [2026-04-04T08:52:26.529Z] <<< [apiv2][body] POST https://github.com/login/oauth/access_token {"access_token":"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","token_type":"bearer","scope":"read:user,repo"}
[debug] [2026-04-04T08:52:26.531Z] >>> [apiv2][query] GET https://api.github.com/user [none]
[debug] [2026-04-04T08:52:27.082Z] <<< [apiv2][status] GET https://api.github.com/user 200
[debug] [2026-04-04T08:52:27.082Z] <<< [apiv2][body] GET https://api.github.com/user {"login":"Donuts-procodes","id":151659340,"node_id":"U_kgDOCQojTA","avatar_url":"https://avatars.githubusercontent.com/u/151659340?v=4","gravatar_id":"","url":"https://api.github.com/users/Donuts-procodes","html_url":"https://github.com/Donuts-procodes","followers_url":"https://api.github.com/users/Donuts-procodes/followers","following_url":"https://api.github.com/users/Donuts-procodes/following{/other_user}","gists_url":"https://api.github.com/users/Donuts-procodes/gists{/gist_id}","starred_url":"https://api.github.com/users/Donuts-procodes/starred{/owner}{/repo}","subscriptions_url":"https://api.github.com/users/Donuts-procodes/subscriptions","organizations_url":"https://api.github.com/users/Donuts-procodes/orgs","repos_url":"https://api.github.com/users/Donuts-procodes/repos","events_url":"https://api.github.com/users/Donuts-procodes/events{/privacy}","received_events_url":"https://api.github.com/users/Donuts-procodes/received_events","type":"User","user_view_type":"private","site_admin":false,"name":"Ayush Budhiraja","company":null,"blog":"","location":null,"email":null,"hireable":null,"bio":"MCA Student & Systems Enthusiast > 🚀 Building high-performance tools from scratch.","twitter_username":null,"notification_email":null,"public_repos":44,"public_gists":0,"followers":2,"following":1,"created_at":"2023-11-21T16:04:32Z","updated_at":"2026-04-03T10:37:00Z","private_gists":0,"total_private_repos":3,"owned_private_repos":3,"disk_usage":166093,"collaborators":0,"two_factor_authentication":false,"plan":{"name":"free","space":976562499,"collaborators":0,"private_repos":10000}}
[info] 
[info] +  Success! Logged into GitHub as Donuts-procodes 
[info] 
